  Game.cpp
C:\Users\Arek\source\repos\PROGRAMOWANIE2\SFML-PROJEKT\SFML-PROJEKT\Game.cpp(818,50): warning C4244: "argument": konwersja z "int" do "T", możliwa utrata danych
          with
          [
              T=float
          ]
C:\Users\Arek\source\repos\PROGRAMOWANIE2\SFML-PROJEKT\SFML-PROJEKT\Game.cpp(884,25): warning C4244: "=": konwersja z "double" do "float", możliwa utrata danych
C:\Users\Arek\source\repos\PROGRAMOWANIE2\SFML-PROJEKT\SFML-PROJEKT\Game.cpp(885,25): warning C4244: "=": konwersja z "double" do "float", możliwa utrata danych
C:\Users\Arek\source\repos\PROGRAMOWANIE2\SFML-PROJEKT\SFML-PROJEKT\Game.cpp(909,34): warning C4244: "argument": konwersja z "int" do "T", możliwa utrata danych
          with
          [
              T=float
          ]
C:\Users\Arek\source\repos\PROGRAMOWANIE2\SFML-PROJEKT\SFML-PROJEKT\Game.cpp(911,34): warning C4244: "argument": konwersja z "int" do "T", możliwa utrata danych
          with
          [
              T=float
          ]
C:\Users\Arek\source\repos\PROGRAMOWANIE2\SFML-PROJEKT\SFML-PROJEKT\Game.cpp(913,34): warning C4244: "argument": konwersja z "int" do "T", możliwa utrata danych
          with
          [
              T=float
          ]
C:\Users\Arek\source\repos\PROGRAMOWANIE2\SFML-PROJEKT\SFML-PROJEKT\Game.cpp(915,34): warning C4244: "argument": konwersja z "int" do "T", możliwa utrata danych
          with
          [
              T=float
          ]
C:\Users\Arek\source\repos\PROGRAMOWANIE2\SFML-PROJEKT\SFML-PROJEKT\Game.cpp(919,34): warning C4244: "argument": konwersja z "int" do "T", możliwa utrata danych
          with
          [
              T=float
          ]
C:\Users\Arek\source\repos\PROGRAMOWANIE2\SFML-PROJEKT\SFML-PROJEKT\Game.cpp(923,42): warning C4244: "argument": konwersja z "int" do "T", możliwa utrata danych
          with
          [
              T=float
          ]
C:\Users\Arek\source\repos\PROGRAMOWANIE2\SFML-PROJEKT\SFML-PROJEKT\Game.cpp(927,42): warning C4244: "argument": konwersja z "int" do "T", możliwa utrata danych
          with
          [
              T=float
          ]
C:\Users\Arek\source\repos\PROGRAMOWANIE2\SFML-PROJEKT\SFML-PROJEKT\Game.cpp(933,108): warning C4244: "argument": konwersja z "float" do "int", możliwa utrata danych
C:\Users\Arek\source\repos\PROGRAMOWANIE2\SFML-PROJEKT\SFML-PROJEKT\Game.cpp(938,111): warning C4244: "argument": konwersja z "float" do "int", możliwa utrata danych
C:\Users\Arek\source\repos\PROGRAMOWANIE2\SFML-PROJEKT\SFML-PROJEKT\Game.cpp(943,108): warning C4244: "argument": konwersja z "float" do "int", możliwa utrata danych
C:\Users\Arek\source\repos\PROGRAMOWANIE2\SFML-PROJEKT\SFML-PROJEKT\Game.cpp(948,99): warning C4244: "argument": konwersja z "float" do "int", możliwa utrata danych
C:\Users\Arek\source\repos\PROGRAMOWANIE2\SFML-PROJEKT\SFML-PROJEKT\Game.cpp(955,121): warning C4244: "argument": konwersja z "float" do "int", możliwa utrata danych
C:\Users\Arek\source\repos\PROGRAMOWANIE2\SFML-PROJEKT\SFML-PROJEKT\Game.cpp(960,124): warning C4244: "argument": konwersja z "float" do "int", możliwa utrata danych
C:\Users\Arek\source\repos\PROGRAMOWANIE2\SFML-PROJEKT\SFML-PROJEKT\Game.cpp(1099,27): warning C4018: "<": niezgodność typu ze znakiem/bez znaku
  Trwa generowanie kodu
  1 of 464 functions ( 0.2%) were compiled, the rest were copied from previous compilation.
    0 functions were new in current compilation
    3 functions had inline decision re-evaluated but remain unchanged
  Zakończono generowanie kodu
  SFML-PROJEKT.vcxproj -> C:\Users\Arek\source\repos\PROGRAMOWANIE2\SFML-PROJEKT\Release\SFML-PROJEKT.exe
